<?xml version="1.0" encoding="UTF-8"?>
<testng-results skipped="0" failed="0" ignored="0" total="1" passed="1">
  <reporter-output>
  </reporter-output>
  <suite name="Test-method Suite" duration-ms="41" started-at="2018-08-12T12:32:40Z" finished-at="2018-08-12T12:32:40Z">
    <groups>
    </groups>
    <test name="Test-method test" duration-ms="41" started-at="2018-08-12T12:32:40Z" finished-at="2018-08-12T12:32:40Z">
      <class name="loopCondition.Loop_Condition">
        <test-method status="PASS" signature="looping()[pri:0, instance:loopCondition.Loop_Condition@6f79caec]" name="looping" duration-ms="8" started-at="2018-08-12T12:32:40Z" finished-at="2018-08-12T12:32:40Z">
          <reporter-output>
          </reporter-output>
        </test-method> <!-- looping -->
      </class> <!-- loopCondition.Loop_Condition -->
    </test> <!-- Test-method test -->
  </suite> <!-- Test-method Suite -->
</testng-results>
